<col:collection xmlns="http://cnx.rice.edu/collxml" xmlns:col="http://cnx.rice.edu/collxml" xml:lang="en">
  <metadata xmlns:md="http://cnx.rice.edu/mdml" mdml-version="0.5">
  <md:content-id>col11923</md:content-id>
  <md:title>Test project report</md:title>
  
  
  <md:license url="http://creativecommons.org/licenses/by/4.0/">Creative Commons Attribution License 4.0</md:license>
  <md:language>en</md:language>

  

  
  
  
  
  

  <md:uuid>2ba989d3-8b05-41ad-864f-5aed3cd256be</md:uuid>
<md:slug>test-project-report</md:slug>
</metadata>

  <col:content>
    
      <col:module document="m58179"/>
        
      
    
  </col:content>
</col:collection>